TN:
SF:02-ratelimitter.js
FN:20,doesIdExist
FN:32,rateLimiter
FNF:2
FNH:2
FNDA:6,doesIdExist
FNDA:13,rateLimiter
DA:1,1
DA:2,1
DA:3,1
DA:4,1
DA:5,1
DA:6,1
DA:7,1
DA:8,1
DA:9,1
DA:10,1
DA:11,1
DA:12,1
DA:13,1
DA:14,1
DA:15,1
DA:16,2
DA:17,1
DA:18,1
DA:19,1
DA:20,6
DA:21,6
DA:22,6
DA:23,6
DA:24,6
DA:25,6
DA:26,2
DA:27,6
DA:28,4
DA:29,4
DA:30,6
DA:31,1
DA:32,13
DA:33,13
DA:34,13
DA:35,11
DA:36,7
DA:37,7
DA:38,7
DA:39,11
DA:40,6
DA:41,6
DA:42,6
DA:43,1
DA:44,1
DA:45,1
DA:46,1
DA:47,6
DA:48,6
DA:49,6
DA:50,6
DA:51,1
DA:52,1
DA:53,1
DA:54,0
DA:55,0
DA:56,0
DA:57,0
DA:58,1
DA:59,1
DA:60,1
DA:61,1
DA:62,1
LF:62
LH:58
BRDA:15,0,0,2
BRDA:20,1,0,6
BRDA:25,2,0,2
BRDA:27,3,0,4
BRDA:32,4,0,13
BRDA:34,5,0,11
BRDA:35,6,0,7
BRDA:39,7,0,6
BRDA:46,8,0,6
BRF:9
BRH:9
end_of_record
